<?xml version="1.0" encoding="UTF-8"?>
<testsuite name="BankAccountTest" tests="5" skipped="0" failures="0" errors="0" timestamp="2023-03-20T20:35:50" hostname="pop-os" time="30.199">
  <properties/>
  <testcase name="zeroBalanceWhenOpened" classname="BankAccountTest" time="0.04"/>
  <testcase name="closedAccountCannotBeAdjusted" classname="BankAccountTest" time="0.129"/>
  <testcase name="closedAccountHasNoBalance" classname="BankAccountTest" time="0.001"/>
  <testcase name="concurrentBalanceAdjustments" classname="BankAccountTest" time="30.026"/>
  <testcase name="sequentialBalanceAdjustments" classname="BankAccountTest" time="0.0"/>
  <system-out><![CDATA[]]></system-out>
  <system-err><![CDATA[]]></system-err>
</testsuite>
